[FLASH] Starting FLASH v2.2.00
[FLASH] Fast Length Adjustment of SHort reads
[FLASH]  
[FLASH] Input files:
[FLASH]     /home/samuel/Documents/PhD/Quasispecies/00-data_clean_process/out/cutadapt/Reg1/30-1-60-EL3_R1_all_all_trim.fastq.gz
[FLASH]     /home/samuel/Documents/PhD/Quasispecies/00-data_clean_process/out/cutadapt/Reg1/30-1-60-EL3_R2_all_all_trim.fastq.gz
[FLASH]  
[FLASH] Output files:
[FLASH]     /home/samuel/Documents/PhD/Quasispecies/00-data_clean_process/out/flash2/Reg1/30-1-60-EL3_all_all_trim_merged.extendedFrags.fastq.gz
[FLASH]     /home/samuel/Documents/PhD/Quasispecies/00-data_clean_process/out/flash2/Reg1/30-1-60-EL3_all_all_trim_merged.notCombined_1.fastq.gz
[FLASH]     /home/samuel/Documents/PhD/Quasispecies/00-data_clean_process/out/flash2/Reg1/30-1-60-EL3_all_all_trim_merged.notCombined_2.fastq.gz
[FLASH]     /home/samuel/Documents/PhD/Quasispecies/00-data_clean_process/out/flash2/Reg1/30-1-60-EL3_all_all_trim_merged.hist
[FLASH]     /home/samuel/Documents/PhD/Quasispecies/00-data_clean_process/out/flash2/Reg1/30-1-60-EL3_all_all_trim_merged.histogram
[FLASH]  
[FLASH] Parameters:
[FLASH]     Min overlap:           10
[FLASH]     Min overlap outie:     35
[FLASH]     Max overlap:           180
[FLASH]     Max mismatch density:  0.250000
[FLASH]     Allow "outie" pairs:   true
[FLASH]     Cap mismatch quals:    false
[FLASH]     Combiner threads:      8
[FLASH]     Input format:          FASTQ, phred_offset=33
[FLASH]     Output format:         FASTQ, phred_offset=33, gzip
[FLASH]  
[FLASH] Starting reader and writer threads
[FLASH] Starting 8 combiner threads
[FLASH] Processed 25000 read pairs
[FLASH] Processed 50000 read pairs
[FLASH] Processed 75000 read pairs
[FLASH] Processed 100000 read pairs
[FLASH] Processed 125000 read pairs
[FLASH] Processed 150000 read pairs
[FLASH] Processed 175000 read pairs
[FLASH] Processed 200000 read pairs
[FLASH] Processed 225000 read pairs
[FLASH] Processed 228860 read pairs
[FLASH]  
[FLASH] Read combination statistics:
[FLASH]     Total pairs:       228860
[FLASH]     Discarded pairs:   0
[FLASH]     Percent Discarded: 0.00%
[FLASH]     Combined pairs:    228425
[FLASH]         Innie pairs:   139348 (61.00% of combined)
[FLASH]         Outie pairs:   89077 (39.00% of combined)
[FLASH]     Uncombined pairs:  435
[FLASH]     Percent combined:  99.81%
[FLASH]  
[FLASH] Writing histogram files.
[FLASH] WARNING: An unexpectedly high proportion of combined pairs (39.16%)
overlapped by more than 180 bp, the --max-overlap (-M) parameter.  Consider
increasing this parameter.  (As-is, FLASH is penalizing overlaps longer than
180 bp when considering them for possible combining!)
[FLASH]  
[FLASH] FLASH v2.2.00 complete!
[FLASH] 43.291 seconds elapsed
[FLASH] Finished with 1 warning (see above)
