This is cutadapt 4.1 with Python 3.10.6
Command line parameters: -q 25 -g ^GAATGTTGGTGACATACTTGCT -O 13 -G ^N{10}TTGCCATGATCAAATTGACC -m 50 -o /home/samuel/Documents/PhD/Quasispecies/00-data_clean_process/out/cutadapt/Reg1/30-1-48-EL3_R1_all_all_trim.fastq.gz -p /home/samuel/Documents/PhD/Quasispecies/00-data_clean_process/out/cutadapt/Reg1/30-1-48-EL3_R2_all_all_trim.fastq.gz --pair-filter=any --too-short-output /home/samuel/Documents/PhD/Quasispecies/00-data_clean_process/out/cutadapt/too_short/Reg1/30-1-48-EL3_R1_all_less_m50.fastq --too-short-paired-output /home/samuel/Documents/PhD/Quasispecies/00-data_clean_process/out/cutadapt/too_short/Reg1/30-1-48-EL3_R2_all_less_m50.fastq --untrimmed-output /home/samuel/Documents/PhD/Quasispecies/00-data_clean_process/out/cutadapt/untrimmed/Reg1/30-1-48-EL3_R1_all_untrimmed.fastq --untrimmed-paired-output /home/samuel/Documents/PhD/Quasispecies/00-data_clean_process/out/cutadapt/untrimmed/Reg1/30-1-48-EL3_R2_all_untrimmed.fastq /home/samuel/Documents/PhD/Quasispecies/00-data_clean_process/res/Reg1/30-1-48-EL3_R1_all.fastq.gz /home/samuel/Documents/PhD/Quasispecies/00-data_clean_process/res/Reg1/30-1-48-EL3_R2_all.fastq.gz
Processing paired-end reads on 1 core ...
Finished in 87.88 s (177 µs/read; 0.34 M reads/minute).

=== Summary ===

Total read pairs processed:            495,763
  Read 1 with adapter:                 488,492 (98.5%)
  Read 2 with adapter:                 481,167 (97.1%)

== Read fate breakdown ==
Pairs that were too short:               8,320 (1.7%)
Pairs discarded as untrimmed:            8,989 (1.8%)
Pairs written (passing filters):       478,454 (96.5%)

Total basepairs processed:   248,075,315 bp
  Read 1:   123,946,618 bp
  Read 2:   124,128,697 bp
Quality-trimmed:              10,262,381 bp (4.1%)
  Read 1:       821,312 bp
  Read 2:     9,441,069 bp
Total written (filtered):    206,906,502 bp (83.4%)
  Read 1:   108,539,513 bp
  Read 2:    98,366,989 bp

=== First read: Adapter 1 ===

Sequence: GAATGTTGGTGACATACTTGCT; Type: anchored 5'; Length: 22; Trimmed: 488492 times

No. of allowed errors: 2

Overview of removed sequences
length	count	expect	max.err	error counts
20	99	0.0	2	0 0 99
21	820	0.0	2	0 760 60
22	487264	0.0	2	457331 27322 2611
23	308	0.0	2	0 287 21
24	1	0.0	2	0 0 1


=== Second read: Adapter 2 ===

Sequence: NNNNNNNNNNTTGCCATGATCAAATTGACC; Type: anchored 5'; Length: 30; Trimmed: 481167 times

No. of allowed errors: 2

Overview of removed sequences
length	count	expect	max.err	error counts
28	159	0.0	2	0 0 159
29	2124	0.0	2	0 1713 411
30	478363	0.0	2	419863 52740 5760
31	520	0.0	2	0 435 85
32	1	0.0	2	0 0 1
