This is cutadapt 4.1 with Python 3.10.6
Command line parameters: -q 25 -g ^GAATGTTGGTGACATACTTGCT -O 13 -G ^N{10}TTGCCATGATCAAATTGACC -m 50 -o /home/samuel/Documents/PhD/Quasispecies/00-data_clean_process/out/cutadapt/Reg1/30-1-58-EL3_R1_all_all_trim.fastq.gz -p /home/samuel/Documents/PhD/Quasispecies/00-data_clean_process/out/cutadapt/Reg1/30-1-58-EL3_R2_all_all_trim.fastq.gz --pair-filter=any --too-short-output /home/samuel/Documents/PhD/Quasispecies/00-data_clean_process/out/cutadapt/too_short/Reg1/30-1-58-EL3_R1_all_less_m50.fastq --too-short-paired-output /home/samuel/Documents/PhD/Quasispecies/00-data_clean_process/out/cutadapt/too_short/Reg1/30-1-58-EL3_R2_all_less_m50.fastq --untrimmed-output /home/samuel/Documents/PhD/Quasispecies/00-data_clean_process/out/cutadapt/untrimmed/Reg1/30-1-58-EL3_R1_all_untrimmed.fastq --untrimmed-paired-output /home/samuel/Documents/PhD/Quasispecies/00-data_clean_process/out/cutadapt/untrimmed/Reg1/30-1-58-EL3_R2_all_untrimmed.fastq /home/samuel/Documents/PhD/Quasispecies/00-data_clean_process/res/Reg1/30-1-58-EL3_R1_all.fastq.gz /home/samuel/Documents/PhD/Quasispecies/00-data_clean_process/res/Reg1/30-1-58-EL3_R2_all.fastq.gz
Processing paired-end reads on 1 core ...
Finished in 94.71 s (196 µs/read; 0.31 M reads/minute).

=== Summary ===

Total read pairs processed:            483,512
  Read 1 with adapter:                 473,235 (97.9%)
  Read 2 with adapter:                 466,931 (96.6%)

== Read fate breakdown ==
Pairs that were too short:               7,789 (1.6%)
Pairs discarded as untrimmed:           11,467 (2.4%)
Pairs written (passing filters):       464,256 (96.0%)

Total basepairs processed:   241,925,337 bp
  Read 1:   120,883,473 bp
  Read 2:   121,041,864 bp
Quality-trimmed:               9,569,011 bp (4.0%)
  Read 1:       788,407 bp
  Read 2:     8,780,604 bp
Total written (filtered):    201,148,657 bp (83.1%)
  Read 1:   105,321,029 bp
  Read 2:    95,827,628 bp

=== First read: Adapter 1 ===

Sequence: GAATGTTGGTGACATACTTGCT; Type: anchored 5'; Length: 22; Trimmed: 473235 times

No. of allowed errors: 2

Overview of removed sequences
length	count	expect	max.err	error counts
20	92	0.0	2	0 0 92
21	797	0.0	2	0 738 59
22	472032	0.0	2	441650 27741 2641
23	314	0.0	2	0 295 19


=== Second read: Adapter 2 ===

Sequence: NNNNNNNNNNTTGCCATGATCAAATTGACC; Type: anchored 5'; Length: 30; Trimmed: 466931 times

No. of allowed errors: 2

Overview of removed sequences
length	count	expect	max.err	error counts
28	168	0.0	2	0 0 168
29	2077	0.0	2	0 1712 365
30	464186	0.0	2	415575 43837 4774
31	494	0.0	2	0 424 70
32	6	0.0	2	0 0 6
