This is cutadapt 4.1 with Python 3.10.6
Command line parameters: -q 25 -g ^GAATGTTGGTGACATACTTGCT -O 13 -G ^N{10}TTGCCATGATCAAATTGACC -m 50 -o /home/samuel/Documents/PhD/Quasispecies/00-data_clean_process/out/cutadapt/Reg1/30-1-60-EL3_R1_all_all_trim.fastq.gz -p /home/samuel/Documents/PhD/Quasispecies/00-data_clean_process/out/cutadapt/Reg1/30-1-60-EL3_R2_all_all_trim.fastq.gz --pair-filter=any --too-short-output /home/samuel/Documents/PhD/Quasispecies/00-data_clean_process/out/cutadapt/too_short/Reg1/30-1-60-EL3_R1_all_less_m50.fastq --too-short-paired-output /home/samuel/Documents/PhD/Quasispecies/00-data_clean_process/out/cutadapt/too_short/Reg1/30-1-60-EL3_R2_all_less_m50.fastq --untrimmed-output /home/samuel/Documents/PhD/Quasispecies/00-data_clean_process/out/cutadapt/untrimmed/Reg1/30-1-60-EL3_R1_all_untrimmed.fastq --untrimmed-paired-output /home/samuel/Documents/PhD/Quasispecies/00-data_clean_process/out/cutadapt/untrimmed/Reg1/30-1-60-EL3_R2_all_untrimmed.fastq /home/samuel/Documents/PhD/Quasispecies/00-data_clean_process/res/Reg1/30-1-60-EL3_R1_all.fastq.gz /home/samuel/Documents/PhD/Quasispecies/00-data_clean_process/res/Reg1/30-1-60-EL3_R2_all.fastq.gz
Processing paired-end reads on 1 core ...
Finished in 39.45 s (166 µs/read; 0.36 M reads/minute).

=== Summary ===

Total read pairs processed:            238,004
  Read 1 with adapter:                 231,777 (97.4%)
  Read 2 with adapter:                 229,872 (96.6%)

== Read fate breakdown ==
Pairs that were too short:               3,197 (1.3%)
Pairs discarded as untrimmed:            5,947 (2.5%)
Pairs written (passing filters):       228,860 (96.2%)

Total basepairs processed:   128,456,515 bp
  Read 1:    64,280,628 bp
  Read 2:    64,175,887 bp
Quality-trimmed:               3,044,268 bp (2.4%)
  Read 1:       273,184 bp
  Read 2:     2,771,084 bp
Total written (filtered):    109,744,845 bp (85.4%)
  Read 1:    56,655,771 bp
  Read 2:    53,089,074 bp

=== First read: Adapter 1 ===

Sequence: GAATGTTGGTGACATACTTGCT; Type: anchored 5'; Length: 22; Trimmed: 231777 times

No. of allowed errors: 2

Overview of removed sequences
length	count	expect	max.err	error counts
20	56	0.0	2	0 0 56
21	532	0.0	2	0 517 15
22	231021	0.0	2	224447 6323 251
23	168	0.0	2	0 162 6


=== Second read: Adapter 2 ===

Sequence: NNNNNNNNNNTTGCCATGATCAAATTGACC; Type: anchored 5'; Length: 30; Trimmed: 229872 times

No. of allowed errors: 2

Overview of removed sequences
length	count	expect	max.err	error counts
28	138	0.0	2	0 0 138
29	1266	0.0	2	0 1156 110
30	228165	0.0	2	217556 9880 729
31	297	0.0	2	0 277 20
32	6	0.0	2	0 0 6
