This is cutadapt 4.1 with Python 3.10.6
Command line parameters: -q 25 -g ^GAATGTTGGTGACATACTTGCT -O 13 -G ^N{10}TTGCCATGATCAAATTGACC -m 50 -o /home/samuel/Documents/PhD/Quasispecies/00-data_clean_process/out/cutadapt/Reg1/30-1-32-EL3_R1_all_all_trim.fastq.gz -p /home/samuel/Documents/PhD/Quasispecies/00-data_clean_process/out/cutadapt/Reg1/30-1-32-EL3_R2_all_all_trim.fastq.gz --pair-filter=any --too-short-output /home/samuel/Documents/PhD/Quasispecies/00-data_clean_process/out/cutadapt/too_short/Reg1/30-1-32-EL3_R1_all_less_m50.fastq --too-short-paired-output /home/samuel/Documents/PhD/Quasispecies/00-data_clean_process/out/cutadapt/too_short/Reg1/30-1-32-EL3_R2_all_less_m50.fastq --untrimmed-output /home/samuel/Documents/PhD/Quasispecies/00-data_clean_process/out/cutadapt/untrimmed/Reg1/30-1-32-EL3_R1_all_untrimmed.fastq --untrimmed-paired-output /home/samuel/Documents/PhD/Quasispecies/00-data_clean_process/out/cutadapt/untrimmed/Reg1/30-1-32-EL3_R2_all_untrimmed.fastq /home/samuel/Documents/PhD/Quasispecies/00-data_clean_process/res/Reg1/30-1-32-EL3_R1_all.fastq.gz /home/samuel/Documents/PhD/Quasispecies/00-data_clean_process/res/Reg1/30-1-32-EL3_R2_all.fastq.gz
Processing paired-end reads on 1 core ...
Finished in 103.82 s (181 µs/read; 0.33 M reads/minute).

=== Summary ===

Total read pairs processed:            572,957
  Read 1 with adapter:                 563,421 (98.3%)
  Read 2 with adapter:                 554,520 (96.8%)

== Read fate breakdown ==
Pairs that were too short:              10,340 (1.8%)
Pairs discarded as untrimmed:           11,240 (2.0%)
Pairs written (passing filters):       551,377 (96.2%)

Total basepairs processed:   286,691,385 bp
  Read 1:   143,245,132 bp
  Read 2:   143,446,253 bp
Quality-trimmed:              11,537,812 bp (4.0%)
  Read 1:       955,738 bp
  Read 2:    10,582,074 bp
Total written (filtered):    238,927,750 bp (83.3%)
  Read 1:   125,057,058 bp
  Read 2:   113,870,692 bp

=== First read: Adapter 1 ===

Sequence: GAATGTTGGTGACATACTTGCT; Type: anchored 5'; Length: 22; Trimmed: 563421 times

No. of allowed errors: 2

Overview of removed sequences
length	count	expect	max.err	error counts
20	92	0.0	2	0 0 92
21	867	0.0	2	0 793 74
22	562158	0.0	2	527192 31838 3128
23	304	0.0	2	0 277 27


=== Second read: Adapter 2 ===

Sequence: NNNNNNNNNNTTGCCATGATCAAATTGACC; Type: anchored 5'; Length: 30; Trimmed: 554520 times

No. of allowed errors: 2

Overview of removed sequences
length	count	expect	max.err	error counts
28	237	0.0	2	0 0 237
29	2503	0.0	2	0 2071 432
30	551186	0.0	2	488793 56124 6269
31	586	0.0	2	0 485 101
32	8	0.0	2	0 0 8
