This is cutadapt 4.1 with Python 3.10.6
Command line parameters: -q 25 -g ^GAATGTTGGTGACATACTTGCT -O 13 -G ^N{10}TTGCCATGATCAAATTGACC -m 50 -o /home/samuel/Documents/PhD/Quasispecies/00-data_clean_process/out/cutadapt/Reg1/30-1-38-EL3_R1_all_all_trim.fastq.gz -p /home/samuel/Documents/PhD/Quasispecies/00-data_clean_process/out/cutadapt/Reg1/30-1-38-EL3_R2_all_all_trim.fastq.gz --pair-filter=any --too-short-output /home/samuel/Documents/PhD/Quasispecies/00-data_clean_process/out/cutadapt/too_short/Reg1/30-1-38-EL3_R1_all_less_m50.fastq --too-short-paired-output /home/samuel/Documents/PhD/Quasispecies/00-data_clean_process/out/cutadapt/too_short/Reg1/30-1-38-EL3_R2_all_less_m50.fastq --untrimmed-output /home/samuel/Documents/PhD/Quasispecies/00-data_clean_process/out/cutadapt/untrimmed/Reg1/30-1-38-EL3_R1_all_untrimmed.fastq --untrimmed-paired-output /home/samuel/Documents/PhD/Quasispecies/00-data_clean_process/out/cutadapt/untrimmed/Reg1/30-1-38-EL3_R2_all_untrimmed.fastq /home/samuel/Documents/PhD/Quasispecies/00-data_clean_process/res/Reg1/30-1-38-EL3_R1_all.fastq.gz /home/samuel/Documents/PhD/Quasispecies/00-data_clean_process/res/Reg1/30-1-38-EL3_R2_all.fastq.gz
Processing paired-end reads on 1 core ...
Finished in 82.74 s (182 µs/read; 0.33 M reads/minute).

=== Summary ===

Total read pairs processed:            454,262
  Read 1 with adapter:                 448,263 (98.7%)
  Read 2 with adapter:                 442,027 (97.3%)

== Read fate breakdown ==
Pairs that were too short:               7,311 (1.6%)
Pairs discarded as untrimmed:            7,357 (1.6%)
Pairs written (passing filters):       439,594 (96.8%)

Total basepairs processed:   227,299,635 bp
  Read 1:   113,569,303 bp
  Read 2:   113,730,332 bp
Quality-trimmed:               8,808,488 bp (3.9%)
  Read 1:       753,284 bp
  Read 2:     8,055,204 bp
Total written (filtered):    190,590,696 bp (83.8%)
  Read 1:    99,711,050 bp
  Read 2:    90,879,646 bp

=== First read: Adapter 1 ===

Sequence: GAATGTTGGTGACATACTTGCT; Type: anchored 5'; Length: 22; Trimmed: 448263 times

No. of allowed errors: 2

Overview of removed sequences
length	count	expect	max.err	error counts
20	78	0.0	2	0 0 78
21	708	0.0	2	0 657 51
22	447208	0.0	2	419906 24868 2434
23	267	0.0	2	0 254 13
24	2	0.0	2	0 0 2


=== Second read: Adapter 2 ===

Sequence: NNNNNNNNNNTTGCCATGATCAAATTGACC; Type: anchored 5'; Length: 30; Trimmed: 442027 times

No. of allowed errors: 2

Overview of removed sequences
length	count	expect	max.err	error counts
28	176	0.0	2	0 0 176
29	1952	0.0	2	0 1602 350
30	439338	0.0	2	389107 45173 5058
31	555	0.0	2	0 481 74
32	6	0.0	2	0 0 6
