This is cutadapt 4.1 with Python 3.10.6
Command line parameters: -q 25 -g ^GAATGTTGGTGACATACTTGCT -O 13 -G ^N{10}TTGCCATGATCAAATTGACC -m 50 -o /home/samuel/Documents/PhD/Quasispecies/00-data_clean_process/out/cutadapt/Reg1/30-1-54-EL3_R1_all_all_trim.fastq.gz -p /home/samuel/Documents/PhD/Quasispecies/00-data_clean_process/out/cutadapt/Reg1/30-1-54-EL3_R2_all_all_trim.fastq.gz --pair-filter=any --too-short-output /home/samuel/Documents/PhD/Quasispecies/00-data_clean_process/out/cutadapt/too_short/Reg1/30-1-54-EL3_R1_all_less_m50.fastq --too-short-paired-output /home/samuel/Documents/PhD/Quasispecies/00-data_clean_process/out/cutadapt/too_short/Reg1/30-1-54-EL3_R2_all_less_m50.fastq --untrimmed-output /home/samuel/Documents/PhD/Quasispecies/00-data_clean_process/out/cutadapt/untrimmed/Reg1/30-1-54-EL3_R1_all_untrimmed.fastq --untrimmed-paired-output /home/samuel/Documents/PhD/Quasispecies/00-data_clean_process/out/cutadapt/untrimmed/Reg1/30-1-54-EL3_R2_all_untrimmed.fastq /home/samuel/Documents/PhD/Quasispecies/00-data_clean_process/res/Reg1/30-1-54-EL3_R1_all.fastq.gz /home/samuel/Documents/PhD/Quasispecies/00-data_clean_process/res/Reg1/30-1-54-EL3_R2_all.fastq.gz
Processing paired-end reads on 1 core ...
Finished in 128.97 s (187 µs/read; 0.32 M reads/minute).

=== Summary ===

Total read pairs processed:            689,441
  Read 1 with adapter:                 676,935 (98.2%)
  Read 2 with adapter:                 664,841 (96.4%)

== Read fate breakdown ==
Pairs that were too short:              14,389 (2.1%)
Pairs discarded as untrimmed:           14,149 (2.1%)
Pairs written (passing filters):       660,903 (95.9%)

Total basepairs processed:   344,974,636 bp
  Read 1:   172,367,767 bp
  Read 2:   172,606,869 bp
Quality-trimmed:              13,623,642 bp (3.9%)
  Read 1:     1,141,816 bp
  Read 2:    12,481,826 bp
Total written (filtered):    287,117,222 bp (83.2%)
  Read 1:   149,911,117 bp
  Read 2:   137,206,105 bp

=== First read: Adapter 1 ===

Sequence: GAATGTTGGTGACATACTTGCT; Type: anchored 5'; Length: 22; Trimmed: 676935 times

No. of allowed errors: 2

Overview of removed sequences
length	count	expect	max.err	error counts
20	146	0.0	2	0 0 146
21	1108	0.0	2	0 1030 78
22	675285	0.0	2	632931 38588 3766
23	396	0.0	2	0 362 34


=== Second read: Adapter 2 ===

Sequence: NNNNNNNNNNTTGCCATGATCAAATTGACC; Type: anchored 5'; Length: 30; Trimmed: 664841 times

No. of allowed errors: 2

Overview of removed sequences
length	count	expect	max.err	error counts
28	276	0.0	2	0 0 276
29	3000	0.0	2	0 2477 523
30	660888	0.0	2	596894 57946 6048
31	669	0.0	2	0 580 89
32	8	0.0	2	0 0 8
