This is cutadapt 4.1 with Python 3.10.6
Command line parameters: -q 25 -g ^GAATGTTGGTGACATACTTGCT -O 13 -G ^N{10}TTGCCATGATCAAATTGACC -m 50 -o /home/samuel/Documents/PhD/Quasispecies/00-data_clean_process/out/cutadapt/Reg1/30-1-34-EL3_R1_all_all_trim.fastq.gz -p /home/samuel/Documents/PhD/Quasispecies/00-data_clean_process/out/cutadapt/Reg1/30-1-34-EL3_R2_all_all_trim.fastq.gz --pair-filter=any --too-short-output /home/samuel/Documents/PhD/Quasispecies/00-data_clean_process/out/cutadapt/too_short/Reg1/30-1-34-EL3_R1_all_less_m50.fastq --too-short-paired-output /home/samuel/Documents/PhD/Quasispecies/00-data_clean_process/out/cutadapt/too_short/Reg1/30-1-34-EL3_R2_all_less_m50.fastq --untrimmed-output /home/samuel/Documents/PhD/Quasispecies/00-data_clean_process/out/cutadapt/untrimmed/Reg1/30-1-34-EL3_R1_all_untrimmed.fastq --untrimmed-paired-output /home/samuel/Documents/PhD/Quasispecies/00-data_clean_process/out/cutadapt/untrimmed/Reg1/30-1-34-EL3_R2_all_untrimmed.fastq /home/samuel/Documents/PhD/Quasispecies/00-data_clean_process/res/Reg1/30-1-34-EL3_R1_all.fastq.gz /home/samuel/Documents/PhD/Quasispecies/00-data_clean_process/res/Reg1/30-1-34-EL3_R2_all.fastq.gz
Processing paired-end reads on 1 core ...
Finished in 114.54 s (195 µs/read; 0.31 M reads/minute).

=== Summary ===

Total read pairs processed:            588,544
  Read 1 with adapter:                 577,499 (98.1%)
  Read 2 with adapter:                 568,953 (96.7%)

== Read fate breakdown ==
Pairs that were too short:              10,446 (1.8%)
Pairs discarded as untrimmed:           12,382 (2.1%)
Pairs written (passing filters):       565,716 (96.1%)

Total basepairs processed:   294,487,577 bp
  Read 1:   147,140,242 bp
  Read 2:   147,347,335 bp
Quality-trimmed:              10,876,562 bp (3.7%)
  Read 1:       965,437 bp
  Read 2:     9,911,125 bp
Total written (filtered):    246,082,678 bp (83.6%)
  Read 1:   128,318,521 bp
  Read 2:   117,764,157 bp

=== First read: Adapter 1 ===

Sequence: GAATGTTGGTGACATACTTGCT; Type: anchored 5'; Length: 22; Trimmed: 577499 times

No. of allowed errors: 2

Overview of removed sequences
length	count	expect	max.err	error counts
20	122	0.0	2	0 0 122
21	934	0.0	2	0 859 75
22	576131	0.0	2	540303 32704 3124
23	312	0.0	2	0 299 13


=== Second read: Adapter 2 ===

Sequence: NNNNNNNNNNTTGCCATGATCAAATTGACC; Type: anchored 5'; Length: 30; Trimmed: 568953 times

No. of allowed errors: 2

Overview of removed sequences
length	count	expect	max.err	error counts
28	251	0.0	2	0 0 251
29	2609	0.0	2	0 2191 418
30	565468	0.0	2	511640 48945 4883
31	617	0.0	2	0 516 101
32	8	0.0	2	0 0 8
