This is cutadapt 4.1 with Python 3.10.6
Command line parameters: -q 25 -g ^GAATGTTGGTGACATACTTGCT -O 13 -G ^N{10}TTGCCATGATCAAATTGACC -m 50 -o /home/samuel/Documents/PhD/Quasispecies/00-data_clean_process/out/cutadapt/Reg1/30-1-08-EL3_R1_all_all_trim.fastq.gz -p /home/samuel/Documents/PhD/Quasispecies/00-data_clean_process/out/cutadapt/Reg1/30-1-08-EL3_R2_all_all_trim.fastq.gz --pair-filter=any --too-short-output /home/samuel/Documents/PhD/Quasispecies/00-data_clean_process/out/cutadapt/too_short/Reg1/30-1-08-EL3_R1_all_less_m50.fastq --too-short-paired-output /home/samuel/Documents/PhD/Quasispecies/00-data_clean_process/out/cutadapt/too_short/Reg1/30-1-08-EL3_R2_all_less_m50.fastq --untrimmed-output /home/samuel/Documents/PhD/Quasispecies/00-data_clean_process/out/cutadapt/untrimmed/Reg1/30-1-08-EL3_R1_all_untrimmed.fastq --untrimmed-paired-output /home/samuel/Documents/PhD/Quasispecies/00-data_clean_process/out/cutadapt/untrimmed/Reg1/30-1-08-EL3_R2_all_untrimmed.fastq /home/samuel/Documents/PhD/Quasispecies/00-data_clean_process/res/Reg1/30-1-08-EL3_R1_all.fastq.gz /home/samuel/Documents/PhD/Quasispecies/00-data_clean_process/res/Reg1/30-1-08-EL3_R2_all.fastq.gz
Processing paired-end reads on 1 core ...
Finished in 103.27 s (193 µs/read; 0.31 M reads/minute).

=== Summary ===

Total read pairs processed:            534,835
  Read 1 with adapter:                 528,096 (98.7%)
  Read 2 with adapter:                 518,915 (97.0%)

== Read fate breakdown ==
Pairs that were too short:              10,227 (1.9%)
Pairs discarded as untrimmed:            8,829 (1.7%)
Pairs written (passing filters):       515,779 (96.4%)

Total basepairs processed:   267,604,538 bp
  Read 1:   133,706,964 bp
  Read 2:   133,897,574 bp
Quality-trimmed:              12,361,332 bp (4.6%)
  Read 1:       905,993 bp
  Read 2:    11,455,339 bp
Total written (filtered):    222,009,655 bp (83.0%)
  Read 1:   116,980,494 bp
  Read 2:   105,029,161 bp

=== First read: Adapter 1 ===

Sequence: GAATGTTGGTGACATACTTGCT; Type: anchored 5'; Length: 22; Trimmed: 528096 times

No. of allowed errors: 2

Overview of removed sequences
length	count	expect	max.err	error counts
20	120	0.0	2	0 0 120
21	981	0.0	2	0 909 72
22	526741	0.0	2	493101 30582 3058
23	254	0.0	2	0 243 11


=== Second read: Adapter 2 ===

Sequence: NNNNNNNNNNTTGCCATGATCAAATTGACC; Type: anchored 5'; Length: 30; Trimmed: 518915 times

No. of allowed errors: 2

Overview of removed sequences
length	count	expect	max.err	error counts
28	170	0.0	2	0 0 170
29	2209	0.0	2	0 1777 432
30	516029	0.0	2	442118 65856 8055
31	504	0.0	2	0 425 79
32	3	0.0	2	0 0 3
