This is cutadapt 4.1 with Python 3.10.6
Command line parameters: -q 25 -g ^GAATGTTGGTGACATACTTGCT -O 13 -G ^N{10}TTGCCATGATCAAATTGACC -m 50 -o /home/samuel/Documents/PhD/Quasispecies/00-data_clean_process/out/cutadapt/Reg1/30-1-14-EL3_R1_all_all_trim.fastq.gz -p /home/samuel/Documents/PhD/Quasispecies/00-data_clean_process/out/cutadapt/Reg1/30-1-14-EL3_R2_all_all_trim.fastq.gz --pair-filter=any --too-short-output /home/samuel/Documents/PhD/Quasispecies/00-data_clean_process/out/cutadapt/too_short/Reg1/30-1-14-EL3_R1_all_less_m50.fastq --too-short-paired-output /home/samuel/Documents/PhD/Quasispecies/00-data_clean_process/out/cutadapt/too_short/Reg1/30-1-14-EL3_R2_all_less_m50.fastq --untrimmed-output /home/samuel/Documents/PhD/Quasispecies/00-data_clean_process/out/cutadapt/untrimmed/Reg1/30-1-14-EL3_R1_all_untrimmed.fastq --untrimmed-paired-output /home/samuel/Documents/PhD/Quasispecies/00-data_clean_process/out/cutadapt/untrimmed/Reg1/30-1-14-EL3_R2_all_untrimmed.fastq /home/samuel/Documents/PhD/Quasispecies/00-data_clean_process/res/Reg1/30-1-14-EL3_R1_all.fastq.gz /home/samuel/Documents/PhD/Quasispecies/00-data_clean_process/res/Reg1/30-1-14-EL3_R2_all.fastq.gz
Processing paired-end reads on 1 core ...
Finished in 98.47 s (188 µs/read; 0.32 M reads/minute).

=== Summary ===

Total read pairs processed:            523,849
  Read 1 with adapter:                 516,904 (98.7%)
  Read 2 with adapter:                 506,419 (96.7%)

== Read fate breakdown ==
Pairs that were too short:              10,759 (2.1%)
Pairs discarded as untrimmed:           10,124 (1.9%)
Pairs written (passing filters):       502,966 (96.0%)

Total basepairs processed:   262,113,374 bp
  Read 1:   130,965,193 bp
  Read 2:   131,148,181 bp
Quality-trimmed:              14,852,418 bp (5.7%)
  Read 1:       855,554 bp
  Read 2:    13,996,864 bp
Total written (filtered):    213,983,004 bp (81.6%)
  Read 1:   114,118,704 bp
  Read 2:    99,864,300 bp

=== First read: Adapter 1 ===

Sequence: GAATGTTGGTGACATACTTGCT; Type: anchored 5'; Length: 22; Trimmed: 516904 times

No. of allowed errors: 2

Overview of removed sequences
length	count	expect	max.err	error counts
20	92	0.0	2	0 0 92
21	882	0.0	2	0 795 87
22	515626	0.0	2	481679 30918 3029
23	304	0.0	2	0 287 17


=== Second read: Adapter 2 ===

Sequence: NNNNNNNNNNTTGCCATGATCAAATTGACC; Type: anchored 5'; Length: 30; Trimmed: 506419 times

No. of allowed errors: 2

Overview of removed sequences
length	count	expect	max.err	error counts
28	160	0.0	2	0 0 160
29	2051	0.0	2	0 1556 495
30	503628	0.0	2	411074 80671 11883
31	575	0.0	2	0 469 106
32	5	0.0	2	0 0 5
