This is cutadapt 4.1 with Python 3.10.6
Command line parameters: -q 25 -g ^GAATGTTGGTGACATACTTGCT -O 13 -G ^N{10}TTGCCATGATCAAATTGACC -m 50 -o /home/samuel/Documents/PhD/Quasispecies/00-data_clean_process/out/cutadapt/Reg1/30-1-56-EL3_R1_all_all_trim.fastq.gz -p /home/samuel/Documents/PhD/Quasispecies/00-data_clean_process/out/cutadapt/Reg1/30-1-56-EL3_R2_all_all_trim.fastq.gz --pair-filter=any --too-short-output /home/samuel/Documents/PhD/Quasispecies/00-data_clean_process/out/cutadapt/too_short/Reg1/30-1-56-EL3_R1_all_less_m50.fastq --too-short-paired-output /home/samuel/Documents/PhD/Quasispecies/00-data_clean_process/out/cutadapt/too_short/Reg1/30-1-56-EL3_R2_all_less_m50.fastq --untrimmed-output /home/samuel/Documents/PhD/Quasispecies/00-data_clean_process/out/cutadapt/untrimmed/Reg1/30-1-56-EL3_R1_all_untrimmed.fastq --untrimmed-paired-output /home/samuel/Documents/PhD/Quasispecies/00-data_clean_process/out/cutadapt/untrimmed/Reg1/30-1-56-EL3_R2_all_untrimmed.fastq /home/samuel/Documents/PhD/Quasispecies/00-data_clean_process/res/Reg1/30-1-56-EL3_R1_all.fastq.gz /home/samuel/Documents/PhD/Quasispecies/00-data_clean_process/res/Reg1/30-1-56-EL3_R2_all.fastq.gz
Processing paired-end reads on 1 core ...
Finished in 96.23 s (197 µs/read; 0.30 M reads/minute).

=== Summary ===

Total read pairs processed:            487,604
  Read 1 with adapter:                 479,746 (98.4%)
  Read 2 with adapter:                 473,031 (97.0%)

== Read fate breakdown ==
Pairs that were too short:               7,958 (1.6%)
Pairs discarded as untrimmed:            9,327 (1.9%)
Pairs written (passing filters):       470,319 (96.5%)

Total basepairs processed:   243,977,303 bp
  Read 1:   121,905,477 bp
  Read 2:   122,071,826 bp
Quality-trimmed:              10,046,251 bp (4.1%)
  Read 1:       790,528 bp
  Read 2:     9,255,723 bp
Total written (filtered):    203,373,450 bp (83.4%)
  Read 1:   106,700,683 bp
  Read 2:    96,672,767 bp

=== First read: Adapter 1 ===

Sequence: GAATGTTGGTGACATACTTGCT; Type: anchored 5'; Length: 22; Trimmed: 479746 times

No. of allowed errors: 2

Overview of removed sequences
length	count	expect	max.err	error counts
20	103	0.0	2	0 0 103
21	783	0.0	2	0 729 54
22	478585	0.0	2	449239 26774 2572
23	275	0.0	2	0 260 15


=== Second read: Adapter 2 ===

Sequence: NNNNNNNNNNTTGCCATGATCAAATTGACC; Type: anchored 5'; Length: 30; Trimmed: 473031 times

No. of allowed errors: 2

Overview of removed sequences
length	count	expect	max.err	error counts
28	215	0.0	2	0 0 215
29	2150	0.0	2	0 1766 384
30	470131	0.0	2	415103 49392 5636
31	533	0.0	2	0 461 72
32	2	0.0	2	0 0 2
